<?xml version="1.0" encoding="UTF-8"?>
<!-- Generated by org.testng.reporters.JUnitReportReporter -->
<testsuite skipped="0" hostname="DesignExperts" name="Testdemo.Verification" tests="2" failures="0" timestamp="08 Oct 2017 05:28:58 GMT" time="3.086" errors="0">
  <testcase name="openLink" time="1.800" classname="Testdemo.Verification"/>
  <testcase name="openLogin" time="1.286" classname="Testdemo.Verification"/>
</testsuite> <!-- Testdemo.Verification -->
