<?xml version="1.0" encoding="UTF-8"?>
<!-- Generated by org.testng.reporters.JUnitReportReporter -->
<testsuite skipped="0" hostname="DesignExperts" name="Testdemo.Testlogin" tests="2" failures="0" timestamp="24 Sep 2017 10:01:24 GMT" time="4.371" errors="0">
  <testcase name="openLink" time="2.102" classname="Testdemo.Testlogin"/>
  <testcase name="openLogin" time="2.269" classname="Testdemo.Testlogin"/>
</testsuite> <!-- Testdemo.Testlogin -->
