<?xml version="1.0" encoding="UTF-8"?>
<!-- Generated by org.testng.reporters.JUnitReportReporter -->
<testsuite skipped="0" hostname="DesignExperts" name="Testdemo.TestParameter" tests="1" failures="0" timestamp="08 Oct 2017 06:42:55 GMT" time="1.420" errors="0">
  <testcase name="validLogin" time="1.420" classname="Testdemo.TestParameter"/>
</testsuite> <!-- Testdemo.TestParameter -->
