<?xml version="1.0" encoding="UTF-8"?>
<!-- Generated by org.testng.reporters.JUnitReportReporter -->
<testsuite skipped="0" hostname="DesignExperts" name="Testdemo.Screenshot" tests="2" failures="0" timestamp="08 Oct 2017 07:13:42 GMT" time="4.140" errors="0">
  <testcase name="openLogin" time="2.253" classname="Testdemo.Screenshot"/>
  <testcase name="openLink" time="1.887" classname="Testdemo.Screenshot"/>
</testsuite> <!-- Testdemo.Screenshot -->
